<?xml version="1.0" encoding="UTF-8"?>
<!-- Generated by org.testng.reporters.JUnitReportReporter -->
<testsuite hostname="DESKTOP-Q709APE" name="CucumberRunner.TestRunner" tests="1" failures="0" timestamp="11 Apr 2021 19:24:04 GMT" time="20.950" errors="0">
  <testcase name="feature" time="20.950" classname="CucumberRunner.TestRunner"/>
</testsuite> <!-- CucumberRunner.TestRunner -->
